07:54:38.298 [com.intuit.karate.cli.Main.main()] INFO  com.intuit.karate - Karate version: 1.1.0
07:54:38.600 [com.intuit.karate.cli.Main.main()] DEBUG com.intuit.karate.Suite - [config] classpath:karate-config.js
07:54:38.627 [com.intuit.karate.cli.Main.main()] INFO  c.intuit.karate.core.FeatureRuntime - found scenario at line: 8
07:54:39.893 [com.intuit.karate.cli.Main.main()] INFO  com.intuit.karate - karate.env system property was: null 
07:54:39.973 [com.intuit.karate.cli.Main.main()] INFO  com.intuit.karate - >> lock acquired, begin callonce: read('classpath:helpers/Login.feature')
07:54:40.493 [com.intuit.karate.cli.Main.main()] DEBUG com.intuit.karate - request:
1 > POST https://api.realworld.io/api/users/login
1 > Content-Type: application/json; charset=UTF-8
1 > Content-Length: 58
1 > Host: api.realworld.io
1 > Connection: Keep-Alive
1 > User-Agent: Apache-HttpClient/4.5.13 (Java/17.0.2)
1 > Accept-Encoding: gzip,deflate
{"user":{"email":"jarv078@gmail.com","password":"123qwe"}}

07:54:41.193 [com.intuit.karate.cli.Main.main()] DEBUG com.intuit.karate - response time in milliseconds: 696
1 < 200
1 < Date: Mon, 28 Mar 2022 12:54:41 GMT
1 < Content-Type: application/json; charset=utf-8
1 < Transfer-Encoding: chunked
1 < Connection: keep-alive
1 < X-Powered-By: Express
1 < Access-Control-Allow-Origin: *
1 < Etag: W/"153-OLE3MpoFwF16b5ZaiYXTx19m6KM"
1 < Via: 1.1 vegur
1 < CF-Cache-Status: DYNAMIC
1 < Expect-CT: max-age=604800, report-uri="https://report-uri.cloudflare.com/cdn-cgi/beacon/expect-ct"
1 < Report-To: {"endpoints":[{"url":"https:\/\/a.nel.cloudflare.com\/report\/v3?s=YBvdMUpJBKCd%2BQYqGF302IuXEz6IIvEJMBJUjKkPQMHGjd6oaAPPNh0G2KY3tMJ76IWMh%2B624T15Abv4dilYS4beMeZD1iYYhkr6p%2FHNFNW4P2yHxdNRudfIJIV3UXakOWjD"}],"group":"cf-nel","max_age":604800}
1 < NEL: {"success_fraction":0,"report_to":"cf-nel","max_age":604800}
1 < Server: cloudflare
1 < CF-RAY: 6f30840aaa6f8daf-MIA
1 < alt-svc: h3=":443"; ma=86400, h3-29=":443"; ma=86400
{"user":{"email":"jarv078@gmail.com","username":"johantest","bio":null,"image":"https://api.realworld.io/images/smiley-cyrus.jpeg","token":"eyJhbGciOiJIUzI1NiIsInR5cCI6IkpXVCJ9.eyJlbWFpbCI6ImphcnYwNzhAZ21haWwuY29tIiwidXNlcm5hbWUiOiJqb2hhbnRlc3QiLCJpYXQiOjE2NDg0NzIwODEsImV4cCI6MTY1MzY1NjA4MX0.GB5mEKHQG_Zj4aPxgixT2s8EsOPicFg3CiOqtXpDNZc"}}
07:54:41.209 [com.intuit.karate.cli.Main.main()] INFO  com.intuit.karate - << lock released, cached callonce: read('classpath:helpers/Login.feature')
07:54:41.233 [com.intuit.karate.cli.Main.main()] DEBUG com.intuit.karate - request:
1 > GET https://api.realworld.io/api/tags
1 > Authorization: Token eyJhbGciOiJIUzI1NiIsInR5cCI6IkpXVCJ9.eyJlbWFpbCI6ImphcnYwNzhAZ21haWwuY29tIiwidXNlcm5hbWUiOiJqb2hhbnRlc3QiLCJpYXQiOjE2NDg0NzIwODEsImV4cCI6MTY1MzY1NjA4MX0.GB5mEKHQG_Zj4aPxgixT2s8EsOPicFg3CiOqtXpDNZc
1 > Host: api.realworld.io
1 > Connection: Keep-Alive
1 > User-Agent: Apache-HttpClient/4.5.13 (Java/17.0.2)
1 > Accept-Encoding: gzip,deflate


07:54:41.523 [com.intuit.karate.cli.Main.main()] DEBUG com.intuit.karate - response time in milliseconds: 289
1 < 200
1 < Date: Mon, 28 Mar 2022 12:54:41 GMT
1 < Content-Type: application/json; charset=utf-8
1 < Transfer-Encoding: chunked
1 < Connection: keep-alive
1 < X-Powered-By: Express
1 < Access-Control-Allow-Origin: *
1 < Etag: W/"68-FFYCHCUzIUDrnpAYvdBPPnzZT7I"
1 < Via: 1.1 vegur
1 < CF-Cache-Status: DYNAMIC
1 < Expect-CT: max-age=604800, report-uri="https://report-uri.cloudflare.com/cdn-cgi/beacon/expect-ct"
1 < Report-To: {"endpoints":[{"url":"https:\/\/a.nel.cloudflare.com\/report\/v3?s=aNcfTeS189QriBOL%2FwvJ4i%2B%2BP07rewLtL9XajisNGcVUYVqEMtSS1FA2cVb0zZZi1f04MyZ4N8l1t9Q6Npg7al9fpDdzvAivGqARqsEiYpComG6Isq%2FSCHDfMHPEDcNWBN3H"}],"group":"cf-nel","max_age":604800}
1 < NEL: {"success_fraction":0,"report_to":"cf-nel","max_age":604800}
1 < Server: cloudflare
1 < CF-RAY: 6f30840d4fecd4f1-MIA
1 < alt-svc: h3=":443"; ma=86400, h3-29=":443"; ma=86400
{"tags":["welcome","implementations","codebaseShow","introduction","karate","Test","Test2","Formacion"]}
07:54:42.675 [com.intuit.karate.cli.Main.main()] INFO  com.intuit.karate.Suite - <<pass>> feature 1 of 1 (0 remaining) src/test/java/conduitApp/features/HomePage.feature
